This file contains any messages produced by compilers while
running configure, to aid debugging if configure makes a mistake.

It was created by GNU grep configure 2.5.3, which was
generated by GNU Autoconf 2.61.  Invocation command line was

  $ ./configure 

## --------- ##
## Platform. ##
## --------- ##

hostname = cl-controller
uname -m = armv7l
uname -r = 3.4.113-sun8i
uname -s = Linux
uname -v = #16 SMP PREEMPT Tue Jun 13 14:15:57 CEST 2017

/usr/bin/uname -p = unknown
/bin/uname -X     = unknown

/bin/arch              = unknown
/usr/bin/arch -k       = unknown
/usr/convex/getsysinfo = unknown
/usr/bin/hostinfo      = unknown
/bin/machine           = unknown
/usr/bin/oslevel       = unknown
/bin/universe          = unknown

PATH: /usr/local/sbin
PATH: /usr/local/bin
PATH: /usr/sbin
PATH: /usr/bin
PATH: /sbin
PATH: /bin
PATH: /usr/games
PATH: /usr/local/games


## ----------- ##
## Core tests. ##
## ----------- ##

configure:1833: checking for a BSD-compatible install
configure:1889: result: /usr/bin/install -c
configure:1900: checking whether build environment is sane
configure:1943: result: yes
configure:1968: WARNING: `missing' script is too old or missing
configure:1972: checking for a thread-safe mkdir -p
configure:2011: result: /bin/mkdir -p
configure:2024: checking for gawk
configure:2054: result: no
configure:2024: checking for mawk
configure:2040: found /usr/bin/mawk
configure:2051: result: mawk
configure:2062: checking whether make sets $(MAKE)
configure:2083: result: yes
configure:2297: checking build system type
configure:2315: result: armv7l-unknown-linux-gnu
configure:2337: checking host system type
configure:2352: result: armv7l-unknown-linux-gnu
configure:2378: checking for gawk
configure:2405: result: mawk
configure:2464: checking for gcc
configure:2480: found /usr/bin/gcc
configure:2491: result: gcc
configure:2729: checking for C compiler version
configure:2736: gcc --version >&5
gcc (Ubuntu/Linaro 5.4.0-6ubuntu1~16.04.4) 5.4.0 20160609
Copyright (C) 2015 Free Software Foundation, Inc.
This is free software; see the source for copying conditions.  There is NO
warranty; not even for MERCHANTABILITY or FITNESS FOR A PARTICULAR PURPOSE.

configure:2739: $? = 0
configure:2746: gcc -v >&5
Using built-in specs.
COLLECT_GCC=gcc
COLLECT_LTO_WRAPPER=/usr/lib/gcc/arm-linux-gnueabihf/5/lto-wrapper
Target: arm-linux-gnueabihf
Configured with: ../src/configure -v --with-pkgversion='Ubuntu/Linaro 5.4.0-6ubuntu1~16.04.4' --with-bugurl=file:///usr/share/doc/gcc-5/README.Bugs --enable-languages=c,ada,c++,java,go,d,fortran,objc,obj-c++ --prefix=/usr --program-suffix=-5 --enable-shared --enable-linker-build-id --libexecdir=/usr/lib --without-included-gettext --enable-threads=posix --libdir=/usr/lib --enable-nls --with-sysroot=/ --enable-clocale=gnu --enable-libstdcxx-debug --enable-libstdcxx-time=yes --with-default-libstdcxx-abi=new --enable-gnu-unique-object --disable-libitm --disable-libquadmath --enable-plugin --with-system-zlib --disable-browser-plugin --enable-java-awt=gtk --enable-gtk-cairo --with-java-home=/usr/lib/jvm/java-1.5.0-gcj-5-armhf/jre --enable-java-home --with-jvm-root-dir=/usr/lib/jvm/java-1.5.0-gcj-5-armhf --with-jvm-jar-dir=/usr/lib/jvm-exports/java-1.5.0-gcj-5-armhf --with-arch-directory=arm --with-ecj-jar=/usr/share/java/eclipse-ecj.jar --enable-objc-gc --enable-multiarch --enable-multilib --disable-sjlj-exceptions --with-arch=armv7-a --with-fpu=vfpv3-d16 --with-float=hard --with-mode=thumb --disable-werror --enable-multilib --enable-checking=release --build=arm-linux-gnueabihf --host=arm-linux-gnueabihf --target=arm-linux-gnueabihf
Thread model: posix
gcc version 5.4.0 20160609 (Ubuntu/Linaro 5.4.0-6ubuntu1~16.04.4) 
configure:2749: $? = 0
configure:2756: gcc -V >&5
gcc: error: unrecognized command line option '-V'
gcc: fatal error: no input files
compilation terminated.
configure:2759: $? = 1
configure:2782: checking for C compiler default output file name
configure:2809: gcc    conftest.c  >&5
configure:2812: $? = 0
configure:2850: result: a.out
configure:2867: checking whether the C compiler works
configure:2877: ./a.out
configure:2880: $? = 0
configure:2897: result: yes
configure:2904: checking whether we are cross compiling
configure:2906: result: no
configure:2909: checking for suffix of executables
configure:2916: gcc -o conftest    conftest.c  >&5
configure:2919: $? = 0
configure:2943: result: 
configure:2949: checking for suffix of object files
configure:2975: gcc -c   conftest.c >&5
configure:2978: $? = 0
configure:3001: result: o
configure:3005: checking whether we are using the GNU C compiler
configure:3034: gcc -c   conftest.c >&5
configure:3040: $? = 0
configure:3057: result: yes
configure:3062: checking whether gcc accepts -g
configure:3092: gcc -c -g  conftest.c >&5
configure:3098: $? = 0
configure:3197: result: yes
configure:3214: checking for gcc option to accept ISO C89
configure:3288: gcc  -c -g -O2  conftest.c >&5
configure:3294: $? = 0
configure:3317: result: none needed
configure:3346: checking for style of include used by make
configure:3374: result: GNU
configure:3399: checking dependency style of gcc
configure:3490: result: gcc3
configure:3518: checking for a BSD-compatible install
configure:3574: result: /usr/bin/install -c
configure:3628: checking for ranlib
configure:3644: found /usr/bin/ranlib
configure:3655: result: ranlib
configure:3733: checking for getconf
configure:3749: found /usr/bin/getconf
configure:3760: result: getconf
configure:3786: checking for CFLAGS value to request large file support
configure:3860: result: -D_LARGEFILE_SOURCE -D_FILE_OFFSET_BITS=64
configure:3862: checking for LDFLAGS value to request large file support
configure:3876: result: 
configure:3878: checking for LIBS value to request large file support
configure:3892: result: 
configure:3937: checking for _FILE_OFFSET_BITS
configure:3958: result: 64
configure:3967: checking for _LARGEFILE_SOURCE
configure:3988: result: 1
configure:3997: checking for _LARGE_FILES
configure:4018: result: no
configure:4029: checking for function prototypes
configure:4032: result: yes
configure:4054: checking how to run the C preprocessor
configure:4094: gcc -E  conftest.c
configure:4100: $? = 0
configure:4131: gcc -E  conftest.c
conftest.c:15:28: fatal error: ac_nonexistent.h: No such file or directory
compilation terminated.
configure:4137: $? = 1
configure: failed program was:
| /* confdefs.h.  */
| #define PACKAGE_NAME "GNU grep"
| #define PACKAGE_TARNAME "grep"
| #define PACKAGE_VERSION "2.5.3"
| #define PACKAGE_STRING "GNU grep 2.5.3"
| #define PACKAGE_BUGREPORT "bug-grep@gnu.org"
| #define GREP 1
| #define PACKAGE "grep"
| #define VERSION "2.5.3"
| #define _FILE_OFFSET_BITS 64
| #define _LARGEFILE_SOURCE 1
| #define PROTOTYPES 1
| #define __PROTOTYPES 1
| /* end confdefs.h.  */
| #include <ac_nonexistent.h>
configure:4170: result: gcc -E
configure:4199: gcc -E  conftest.c
configure:4205: $? = 0
configure:4236: gcc -E  conftest.c
conftest.c:15:28: fatal error: ac_nonexistent.h: No such file or directory
compilation terminated.
configure:4242: $? = 1
configure: failed program was:
| /* confdefs.h.  */
| #define PACKAGE_NAME "GNU grep"
| #define PACKAGE_TARNAME "grep"
| #define PACKAGE_VERSION "2.5.3"
| #define PACKAGE_STRING "GNU grep 2.5.3"
| #define PACKAGE_BUGREPORT "bug-grep@gnu.org"
| #define GREP 1
| #define PACKAGE "grep"
| #define VERSION "2.5.3"
| #define _FILE_OFFSET_BITS 64
| #define _LARGEFILE_SOURCE 1
| #define PROTOTYPES 1
| #define __PROTOTYPES 1
| /* end confdefs.h.  */
| #include <ac_nonexistent.h>
configure:4280: checking for grep that handles long lines and -e
configure:4354: result: /bin/grep
configure:4359: checking for egrep
configure:4437: result: /bin/grep -E
configure:4442: checking for ANSI C header files
configure:4472: gcc -c -g -O2  conftest.c >&5
configure:4478: $? = 0
configure:4577: gcc -o conftest -g -O2   conftest.c  >&5
configure:4580: $? = 0
configure:4586: ./conftest
configure:4589: $? = 0
configure:4606: result: yes
configure:4630: checking for sys/types.h
configure:4651: gcc -c -g -O2  conftest.c >&5
configure:4657: $? = 0
configure:4673: result: yes
configure:4630: checking for sys/stat.h
configure:4651: gcc -c -g -O2  conftest.c >&5
configure:4657: $? = 0
configure:4673: result: yes
configure:4630: checking for stdlib.h
configure:4651: gcc -c -g -O2  conftest.c >&5
configure:4657: $? = 0
configure:4673: result: yes
configure:4630: checking for string.h
configure:4651: gcc -c -g -O2  conftest.c >&5
configure:4657: $? = 0
configure:4673: result: yes
configure:4630: checking for memory.h
configure:4651: gcc -c -g -O2  conftest.c >&5
configure:4657: $? = 0
configure:4673: result: yes
configure:4630: checking for strings.h
configure:4651: gcc -c -g -O2  conftest.c >&5
configure:4657: $? = 0
configure:4673: result: yes
configure:4630: checking for inttypes.h
configure:4651: gcc -c -g -O2  conftest.c >&5
configure:4657: $? = 0
configure:4673: result: yes
configure:4630: checking for stdint.h
configure:4651: gcc -c -g -O2  conftest.c >&5
configure:4657: $? = 0
configure:4673: result: yes
configure:4630: checking for unistd.h
configure:4651: gcc -c -g -O2  conftest.c >&5
configure:4657: $? = 0
configure:4673: result: yes
configure:4698: checking for string.h
configure:4704: result: yes
configure:4839: checking for size_t
configure:4869: gcc -c -g -O2  conftest.c >&5
configure:4875: $? = 0
configure:4890: result: yes
configure:4902: checking for ssize_t
configure:4932: gcc -c -g -O2  conftest.c >&5
configure:4938: $? = 0
configure:4953: result: yes
configure:4965: checking for an ANSI C-conforming const
configure:5040: gcc -c -g -O2  conftest.c >&5
configure:5046: $? = 0
configure:5061: result: yes
configure:5072: checking for inttypes.h
configure:5099: gcc -c -g -O2  conftest.c >&5
configure:5105: $? = 0
configure:5120: result: yes
configure:5131: checking for unsigned long long
configure:5158: gcc -o conftest -g -O2   conftest.c  >&5
configure:5164: $? = 0
configure:5181: result: yes
configure:5206: checking for ANSI C header files
configure:5370: result: yes
configure:5390: checking for string.h
configure:5396: result: yes
configure:5390: checking for stdlib.h
configure:5396: result: yes
configure:5400: checking sys/param.h usability
configure:5417: gcc -c -g -O2  conftest.c >&5
configure:5423: $? = 0
configure:5437: result: yes
configure:5441: checking sys/param.h presence
configure:5456: gcc -E  conftest.c
configure:5462: $? = 0
configure:5476: result: yes
configure:5509: checking for sys/param.h
configure:5517: result: yes
configure:5390: checking for memory.h
configure:5396: result: yes
configure:5390: checking for unistd.h
configure:5396: result: yes
configure:5400: checking libintl.h usability
configure:5417: gcc -c -g -O2  conftest.c >&5
configure:5423: $? = 0
configure:5437: result: yes
configure:5441: checking libintl.h presence
configure:5456: gcc -E  conftest.c
configure:5462: $? = 0
configure:5476: result: yes
configure:5509: checking for libintl.h
configure:5517: result: yes
configure:5546: checking wctype.h usability
configure:5563: gcc -c -g -O2  conftest.c >&5
configure:5569: $? = 0
configure:5583: result: yes
configure:5587: checking wctype.h presence
configure:5602: gcc -E  conftest.c
configure:5608: $? = 0
configure:5622: result: yes
configure:5655: checking for wctype.h
configure:5663: result: yes
configure:5546: checking wchar.h usability
configure:5563: gcc -c -g -O2  conftest.c >&5
configure:5569: $? = 0
configure:5583: result: yes
configure:5587: checking wchar.h presence
configure:5602: gcc -E  conftest.c
configure:5608: $? = 0
configure:5622: result: yes
configure:5655: checking for wchar.h
configure:5663: result: yes
configure:5684: checking for dirent.h that defines DIR
configure:5713: gcc -c -g -O2  conftest.c >&5
configure:5719: $? = 0
configure:5735: result: yes
configure:5748: checking for library containing opendir
configure:5789: gcc -o conftest -g -O2   conftest.c  >&5
configure:5795: $? = 0
configure:5823: result: none required
configure:5917: checking whether stat file-mode macros are broken
configure:5954: gcc -c -g -O2  conftest.c >&5
configure:5960: $? = 0
configure:5975: result: no
configure:5988: checking for working alloca.h
configure:6015: gcc -o conftest -g -O2   conftest.c  >&5
configure:6021: $? = 0
configure:6038: result: yes
configure:6048: checking for alloca
configure:6095: gcc -o conftest -g -O2   conftest.c  >&5
configure:6101: $? = 0
configure:6118: result: yes
configure:6345: checking whether closedir returns void
configure:6379: gcc -o conftest -g -O2   conftest.c  >&5
configure:6382: $? = 0
configure:6388: ./conftest
configure:6391: $? = 0
configure:6407: result: no
configure:6423: checking for stdlib.h
configure:6429: result: yes
configure:6423: checking for unistd.h
configure:6429: result: yes
configure:6567: checking for getpagesize
configure:6623: gcc -o conftest -g -O2   conftest.c  >&5
configure:6629: $? = 0
configure:6647: result: yes
configure:6657: checking for working mmap
configure:6804: gcc -o conftest -g -O2   conftest.c  >&5
configure:6807: $? = 0
configure:6813: ./conftest
configure:6816: $? = 0
configure:6832: result: yes
configure:6857: checking for btowc
configure:6913: gcc -o conftest -g -O2   conftest.c  >&5
configure:6919: $? = 0
configure:6937: result: yes
configure:6857: checking for isascii
configure:6913: gcc -o conftest -g -O2   conftest.c  >&5
conftest.c:68:6: warning: conflicting types for built-in function 'isascii'
 char isascii ();
      ^
configure:6919: $? = 0
configure:6937: result: yes
configure:6857: checking for iswctype
configure:6913: gcc -o conftest -g -O2   conftest.c  >&5
configure:6919: $? = 0
configure:6937: result: yes
configure:6857: checking for mbrlen
configure:6913: gcc -o conftest -g -O2   conftest.c  >&5
configure:6919: $? = 0
configure:6937: result: yes
configure:6857: checking for memmove
configure:6913: gcc -o conftest -g -O2   conftest.c  >&5
conftest.c:71:6: warning: conflicting types for built-in function 'memmove'
 char memmove ();
      ^
configure:6919: $? = 0
configure:6937: result: yes
configure:6857: checking for setmode
configure:6913: gcc -o conftest -g -O2   conftest.c  >&5
/tmp/cc77zDAy.o: In function `main':
/root/opi0setup/LFS/grep-2.5.3/conftest.c:83: undefined reference to `setmode'
collect2: error: ld returned 1 exit status
configure:6919: $? = 1
configure: failed program was:
| /* confdefs.h.  */
| #define PACKAGE_NAME "GNU grep"
| #define PACKAGE_TARNAME "grep"
| #define PACKAGE_VERSION "2.5.3"
| #define PACKAGE_STRING "GNU grep 2.5.3"
| #define PACKAGE_BUGREPORT "bug-grep@gnu.org"
| #define GREP 1
| #define PACKAGE "grep"
| #define VERSION "2.5.3"
| #define _FILE_OFFSET_BITS 64
| #define _LARGEFILE_SOURCE 1
| #define PROTOTYPES 1
| #define __PROTOTYPES 1
| #define STDC_HEADERS 1
| #define HAVE_SYS_TYPES_H 1
| #define HAVE_SYS_STAT_H 1
| #define HAVE_STDLIB_H 1
| #define HAVE_STRING_H 1
| #define HAVE_MEMORY_H 1
| #define HAVE_STRINGS_H 1
| #define HAVE_INTTYPES_H 1
| #define HAVE_STDINT_H 1
| #define HAVE_UNISTD_H 1
| #define HAVE_STRING_H 1
| #define HAVE_INTTYPES_H 1
| #define HAVE_UNSIGNED_LONG_LONG 1
| #define STDC_HEADERS 1
| #define HAVE_STRING_H 1
| #define HAVE_STDLIB_H 1
| #define HAVE_SYS_PARAM_H 1
| #define HAVE_MEMORY_H 1
| #define HAVE_UNISTD_H 1
| #define HAVE_LIBINTL_H 1
| #define HAVE_WCTYPE_H 1
| #define HAVE_WCHAR_H 1
| #define HAVE_DIRENT_H 1
| #define HAVE_ALLOCA_H 1
| #define HAVE_ALLOCA 1
| #define HAVE_STDLIB_H 1
| #define HAVE_UNISTD_H 1
| #define HAVE_GETPAGESIZE 1
| #define HAVE_MMAP 1
| #define HAVE_BTOWC 1
| #define HAVE_ISASCII 1
| #define HAVE_ISWCTYPE 1
| #define HAVE_MBRLEN 1
| #define HAVE_MEMMOVE 1
| /* end confdefs.h.  */
| /* Define setmode to an innocuous variant, in case <limits.h> declares setmode.
|    For example, HP-UX 11i <limits.h> declares gettimeofday.  */
| #define setmode innocuous_setmode
| 
| /* System header to define __stub macros and hopefully few prototypes,
|     which can conflict with char setmode (); below.
|     Prefer <limits.h> to <assert.h> if __STDC__ is defined, since
|     <limits.h> exists even on freestanding compilers.  */
| 
| #ifdef __STDC__
| # include <limits.h>
| #else
| # include <assert.h>
| #endif
| 
| #undef setmode
| 
| /* Override any GCC internal prototype to avoid an error.
|    Use char because int might match the return type of a GCC
|    builtin and then its argument prototype would still apply.  */
| #ifdef __cplusplus
| extern "C"
| #endif
| char setmode ();
| /* The GNU C library defines this for functions which it implements
|     to always fail with ENOSYS.  Some functions are actually named
|     something starting with __ and the normal name is an alias.  */
| #if defined __stub_setmode || defined __stub___setmode
| choke me
| #endif
| 
| int
| main ()
| {
| return setmode ();
|   ;
|   return 0;
| }
configure:6937: result: no
configure:6857: checking for strerror
configure:6913: gcc -o conftest -g -O2   conftest.c  >&5
configure:6919: $? = 0
configure:6937: result: yes
configure:6857: checking for wcrtomb
configure:6913: gcc -o conftest -g -O2   conftest.c  >&5
configure:6919: $? = 0
configure:6937: result: yes
configure:6857: checking for wcscoll
configure:6913: gcc -o conftest -g -O2   conftest.c  >&5
configure:6919: $? = 0
configure:6937: result: yes
configure:6857: checking for wctype
configure:6913: gcc -o conftest -g -O2   conftest.c  >&5
configure:6919: $? = 0
configure:6937: result: yes
configure:6949: checking whether mbrtowc and mbstate_t are properly declared
configure:6979: gcc -o conftest -g -O2   conftest.c  >&5
configure:6985: $? = 0
configure:7002: result: yes
configure:7019: checking for stdlib.h
configure:7025: result: yes
configure:7160: checking for mbstate_t
configure:7190: gcc -c -g -O2  conftest.c >&5
configure:7196: $? = 0
configure:7211: result: yes
configure:7228: checking for memchr
configure:7284: gcc -o conftest -g -O2   conftest.c  >&5
conftest.c:78:6: warning: conflicting types for built-in function 'memchr'
 char memchr ();
      ^
configure:7290: $? = 0
configure:7308: result: yes
configure:7228: checking for stpcpy
configure:7284: gcc -o conftest -g -O2   conftest.c  >&5
conftest.c:79:6: warning: conflicting types for built-in function 'stpcpy'
 char stpcpy ();
      ^
configure:7290: $? = 0
configure:7308: result: yes
configure:7228: checking for strtoul
configure:7284: gcc -o conftest -g -O2   conftest.c  >&5
configure:7290: $? = 0
configure:7308: result: yes
configure:7228: checking for atexit
configure:7284: gcc -o conftest -g -O2   conftest.c  >&5
configure:7290: $? = 0
configure:7308: result: yes
configure:7228: checking for fnmatch
configure:7284: gcc -o conftest -g -O2   conftest.c  >&5
configure:7290: $? = 0
configure:7308: result: yes
configure:7334: checking for stdlib.h
configure:7340: result: yes
configure:7475: checking whether <inttypes.h> defines strtoumax as a macro
configure:7500: result: no
configure:7508: checking for strtoumax
configure:7564: gcc -o conftest -g -O2   conftest.c  >&5
configure:7570: $? = 0
configure:7588: result: yes
configure:7721: checking whether strtoul is declared
configure:7751: gcc -c -g -O2  conftest.c >&5
configure:7757: $? = 0
configure:7775: result: yes
configure:7721: checking whether strtoull is declared
configure:7751: gcc -c -g -O2  conftest.c >&5
configure:7757: $? = 0
configure:7775: result: yes
configure:7814: checking for strerror in -lcposix
configure:7849: gcc -o conftest -g -O2   conftest.c -lcposix   >&5
/usr/bin/ld: cannot find -lcposix
collect2: error: ld returned 1 exit status
configure:7855: $? = 1
configure: failed program was:
| /* confdefs.h.  */
| #define PACKAGE_NAME "GNU grep"
| #define PACKAGE_TARNAME "grep"
| #define PACKAGE_VERSION "2.5.3"
| #define PACKAGE_STRING "GNU grep 2.5.3"
| #define PACKAGE_BUGREPORT "bug-grep@gnu.org"
| #define GREP 1
| #define PACKAGE "grep"
| #define VERSION "2.5.3"
| #define _FILE_OFFSET_BITS 64
| #define _LARGEFILE_SOURCE 1
| #define PROTOTYPES 1
| #define __PROTOTYPES 1
| #define STDC_HEADERS 1
| #define HAVE_SYS_TYPES_H 1
| #define HAVE_SYS_STAT_H 1
| #define HAVE_STDLIB_H 1
| #define HAVE_STRING_H 1
| #define HAVE_MEMORY_H 1
| #define HAVE_STRINGS_H 1
| #define HAVE_INTTYPES_H 1
| #define HAVE_STDINT_H 1
| #define HAVE_UNISTD_H 1
| #define HAVE_STRING_H 1
| #define HAVE_INTTYPES_H 1
| #define HAVE_UNSIGNED_LONG_LONG 1
| #define STDC_HEADERS 1
| #define HAVE_STRING_H 1
| #define HAVE_STDLIB_H 1
| #define HAVE_SYS_PARAM_H 1
| #define HAVE_MEMORY_H 1
| #define HAVE_UNISTD_H 1
| #define HAVE_LIBINTL_H 1
| #define HAVE_WCTYPE_H 1
| #define HAVE_WCHAR_H 1
| #define HAVE_DIRENT_H 1
| #define HAVE_ALLOCA_H 1
| #define HAVE_ALLOCA 1
| #define HAVE_STDLIB_H 1
| #define HAVE_UNISTD_H 1
| #define HAVE_GETPAGESIZE 1
| #define HAVE_MMAP 1
| #define HAVE_BTOWC 1
| #define HAVE_ISASCII 1
| #define HAVE_ISWCTYPE 1
| #define HAVE_MBRLEN 1
| #define HAVE_MEMMOVE 1
| #define HAVE_STRERROR 1
| #define HAVE_WCRTOMB 1
| #define HAVE_WCSCOLL 1
| #define HAVE_WCTYPE 1
| #define HAVE_MBRTOWC 1
| #define HAVE_STDLIB_H 1
| #define HAVE_MEMCHR 1
| #define HAVE_STPCPY 1
| #define HAVE_STRTOUL 1
| #define HAVE_ATEXIT 1
| #define HAVE_FNMATCH 1
| #define HAVE_STDLIB_H 1
| #define HAVE_STRTOUMAX 1
| #define HAVE_DECL_STRTOUL 1
| #define HAVE_DECL_STRTOULL 1
| #define HAVE_DECL_STRTOUL 1
| #define HAVE_DECL_STRTOULL 1
| /* end confdefs.h.  */
| 
| /* Override any GCC internal prototype to avoid an error.
|    Use char because int might match the return type of a GCC
|    builtin and then its argument prototype would still apply.  */
| #ifdef __cplusplus
| extern "C"
| #endif
| char strerror ();
| int
| main ()
| {
| return strerror ();
|   ;
|   return 0;
| }
configure:7873: result: no
configure:7881: checking for inline
configure:7907: gcc -c -g -O2  conftest.c >&5
configure:7913: $? = 0
configure:7931: result: inline
configure:7950: checking for off_t
configure:7980: gcc -c -g -O2  conftest.c >&5
configure:7986: $? = 0
configure:8001: result: yes
configure:8014: checking whether we are using the GNU C Library 2.1 or newer
configure:8045: result: yes
configure:8077: checking argz.h usability
configure:8094: gcc -c -g -O2  conftest.c >&5
configure:8100: $? = 0
configure:8114: result: yes
configure:8118: checking argz.h presence
configure:8133: gcc -E  conftest.c
configure:8139: $? = 0
configure:8153: result: yes
configure:8186: checking for argz.h
configure:8194: result: yes
configure:8077: checking limits.h usability
configure:8094: gcc -c -g -O2  conftest.c >&5
configure:8100: $? = 0
configure:8114: result: yes
configure:8118: checking limits.h presence
configure:8133: gcc -E  conftest.c
configure:8139: $? = 0
configure:8153: result: yes
configure:8186: checking for limits.h
configure:8194: result: yes
configure:8077: checking locale.h usability
configure:8094: gcc -c -g -O2  conftest.c >&5
configure:8100: $? = 0
configure:8114: result: yes
configure:8118: checking locale.h presence
configure:8133: gcc -E  conftest.c
configure:8139: $? = 0
configure:8153: result: yes
configure:8186: checking for locale.h
configure:8194: result: yes
configure:8077: checking nl_types.h usability
configure:8094: gcc -c -g -O2  conftest.c >&5
configure:8100: $? = 0
configure:8114: result: yes
configure:8118: checking nl_types.h presence
configure:8133: gcc -E  conftest.c
configure:8139: $? = 0
configure:8153: result: yes
configure:8186: checking for nl_types.h
configure:8194: result: yes
configure:8077: checking malloc.h usability
configure:8094: gcc -c -g -O2  conftest.c >&5
configure:8100: $? = 0
configure:8114: result: yes
configure:8118: checking malloc.h presence
configure:8133: gcc -E  conftest.c
configure:8139: $? = 0
configure:8153: result: yes
configure:8186: checking for malloc.h
configure:8194: result: yes
configure:8077: checking stddef.h usability
configure:8094: gcc -c -g -O2  conftest.c >&5
configure:8100: $? = 0
configure:8114: result: yes
configure:8118: checking stddef.h presence
configure:8133: gcc -E  conftest.c
configure:8139: $? = 0
configure:8153: result: yes
configure:8186: checking for stddef.h
configure:8194: result: yes
configure:8067: checking for stdlib.h
configure:8073: result: yes
configure:8067: checking for string.h
configure:8073: result: yes
configure:8067: checking for unistd.h
configure:8073: result: yes
configure:8067: checking for sys/param.h
configure:8073: result: yes
configure:8233: checking for feof_unlocked
configure:8289: gcc -o conftest -g -O2   conftest.c  >&5
configure:8295: $? = 0
configure:8313: result: yes
configure:8233: checking for fgets_unlocked
configure:8289: gcc -o conftest -g -O2   conftest.c  >&5
configure:8295: $? = 0
configure:8313: result: yes
configure:8233: checking for getcwd
configure:8289: gcc -o conftest -g -O2   conftest.c  >&5
configure:8295: $? = 0
configure:8313: result: yes
configure:8233: checking for getegid
configure:8289: gcc -o conftest -g -O2   conftest.c  >&5
configure:8295: $? = 0
configure:8313: result: yes
configure:8233: checking for geteuid
configure:8289: gcc -o conftest -g -O2   conftest.c  >&5
configure:8295: $? = 0
configure:8313: result: yes
configure:8233: checking for getgid
configure:8289: gcc -o conftest -g -O2   conftest.c  >&5
configure:8295: $? = 0
configure:8313: result: yes
configure:8233: checking for getuid
configure:8289: gcc -o conftest -g -O2   conftest.c  >&5
configure:8295: $? = 0
configure:8313: result: yes
configure:8233: checking for mempcpy
configure:8289: gcc -o conftest -g -O2   conftest.c  >&5
conftest.c:106:6: warning: conflicting types for built-in function 'mempcpy'
 char mempcpy ();
      ^
configure:8295: $? = 0
configure:8313: result: yes
configure:8233: checking for munmap
configure:8289: gcc -o conftest -g -O2   conftest.c  >&5
configure:8295: $? = 0
configure:8313: result: yes
configure:8233: checking for putenv
configure:8289: gcc -o conftest -g -O2   conftest.c  >&5
configure:8295: $? = 0
configure:8313: result: yes
configure:8233: checking for setenv
configure:8289: gcc -o conftest -g -O2   conftest.c  >&5
configure:8295: $? = 0
configure:8313: result: yes
configure:8233: checking for setlocale
configure:8289: gcc -o conftest -g -O2   conftest.c  >&5
configure:8295: $? = 0
configure:8313: result: yes
configure:8233: checking for stpcpy
configure:8313: result: yes
configure:8233: checking for strchr
configure:8289: gcc -o conftest -g -O2   conftest.c  >&5
conftest.c:112:6: warning: conflicting types for built-in function 'strchr'
 char strchr ();
      ^
configure:8295: $? = 0
configure:8313: result: yes
configure:8233: checking for strcasecmp
configure:8289: gcc -o conftest -g -O2   conftest.c  >&5
conftest.c:113:6: warning: conflicting types for built-in function 'strcasecmp'
 char strcasecmp ();
      ^
configure:8295: $? = 0
configure:8313: result: yes
configure:8233: checking for strdup
configure:8289: gcc -o conftest -g -O2   conftest.c  >&5
conftest.c:114:6: warning: conflicting types for built-in function 'strdup'
 char strdup ();
      ^
configure:8295: $? = 0
configure:8313: result: yes
configure:8233: checking for strtoul
configure:8313: result: yes
configure:8233: checking for tsearch
configure:8289: gcc -o conftest -g -O2   conftest.c  >&5
configure:8295: $? = 0
configure:8313: result: yes
configure:8233: checking for __argz_count
configure:8289: gcc -o conftest -g -O2   conftest.c  >&5
configure:8295: $? = 0
configure:8313: result: yes
configure:8233: checking for __argz_stringify
configure:8289: gcc -o conftest -g -O2   conftest.c  >&5
configure:8295: $? = 0
configure:8313: result: yes
configure:8233: checking for __argz_next
configure:8289: gcc -o conftest -g -O2   conftest.c  >&5
configure:8295: $? = 0
configure:8313: result: yes
configure:8338: checking for iconv
configure:8370: gcc -o conftest -g -O2   conftest.c  >&5
configure:8376: $? = 0
configure:8446: result: yes
configure:8454: checking for iconv declaration
configure:8493: gcc -c -g -O2  conftest.c >&5
configure:8499: $? = 0
configure:8518: result: 
         extern size_t iconv (iconv_t cd, char * *inbuf, size_t *inbytesleft, char * *outbuf, size_t *outbytesleft);
configure:8534: checking for nl_langinfo and CODESET
configure:8560: gcc -o conftest -g -O2   conftest.c  >&5
configure:8566: $? = 0
configure:8584: result: yes
configure:8595: checking for LC_MESSAGES
configure:8621: gcc -o conftest -g -O2   conftest.c  >&5
configure:8627: $? = 0
configure:8644: result: yes
configure:8654: checking whether NLS is requested
configure:8663: result: yes
configure:8677: checking whether included gettext is requested
configure:8687: result: no
configure:8698: checking for libintl.h
configure:8703: result: yes
configure:8828: checking for GNU gettext in libc
configure:8856: gcc -o conftest -g -O2   conftest.c  >&5
configure:8862: $? = 0
configure:8879: result: yes
configure:8960: checking for dcgettext
configure:9016: gcc -o conftest -g -O2   conftest.c   >&5
conftest.c:126:6: warning: conflicting types for built-in function 'dcgettext'
 char dcgettext ();
      ^
configure:9022: $? = 0
configure:9040: result: yes
configure:9054: checking for msgfmt
configure:9084: result: no
configure:9090: checking for gmsgfmt
configure:9121: result: :
configure:9132: checking for xgettext
configure:9162: result: no
configure:9336: checking for bison
configure:9352: found /usr/bin/bison
configure:9363: result: bison
configure:9377: checking version of bison
configure:9386: result: 3.0.4, ok
configure:9425: checking for catalogs to be installed
configure:9445: result:  af be bg ca cs da de el eo es et eu fi fr ga gl he hr hu id it ja ko nb nl no pl pt_BR pt ro ru rw sl sr sv tr uk vi zh_TW
configure:9468: checking for dos file convention
configure:9480: result: no
configure:9497: checking host system type
configure:9512: result: armv7l-unknown-linux-gnu
configure:9539: checking host system type
configure:9554: result: armv7l-unknown-linux-gnu
configure:9581: checking for DJGPP environment
configure:9607: gcc -c -g -O2  conftest.c >&5
conftest.c: In function 'main':
conftest.c:108:9: error: '__DJGPP__' undeclared (first use in this function)
  return __DJGPP__;
         ^
conftest.c:108:9: note: each undeclared identifier is reported only once for each function it appears in
configure:9613: $? = 1
configure: failed program was:
| /* confdefs.h.  */
| #define PACKAGE_NAME "GNU grep"
| #define PACKAGE_TARNAME "grep"
| #define PACKAGE_VERSION "2.5.3"
| #define PACKAGE_STRING "GNU grep 2.5.3"
| #define PACKAGE_BUGREPORT "bug-grep@gnu.org"
| #define GREP 1
| #define PACKAGE "grep"
| #define VERSION "2.5.3"
| #define _FILE_OFFSET_BITS 64
| #define _LARGEFILE_SOURCE 1
| #define PROTOTYPES 1
| #define __PROTOTYPES 1
| #define STDC_HEADERS 1
| #define HAVE_SYS_TYPES_H 1
| #define HAVE_SYS_STAT_H 1
| #define HAVE_STDLIB_H 1
| #define HAVE_STRING_H 1
| #define HAVE_MEMORY_H 1
| #define HAVE_STRINGS_H 1
| #define HAVE_INTTYPES_H 1
| #define HAVE_STDINT_H 1
| #define HAVE_UNISTD_H 1
| #define HAVE_STRING_H 1
| #define HAVE_INTTYPES_H 1
| #define HAVE_UNSIGNED_LONG_LONG 1
| #define STDC_HEADERS 1
| #define HAVE_STRING_H 1
| #define HAVE_STDLIB_H 1
| #define HAVE_SYS_PARAM_H 1
| #define HAVE_MEMORY_H 1
| #define HAVE_UNISTD_H 1
| #define HAVE_LIBINTL_H 1
| #define HAVE_WCTYPE_H 1
| #define HAVE_WCHAR_H 1
| #define HAVE_DIRENT_H 1
| #define HAVE_ALLOCA_H 1
| #define HAVE_ALLOCA 1
| #define HAVE_STDLIB_H 1
| #define HAVE_UNISTD_H 1
| #define HAVE_GETPAGESIZE 1
| #define HAVE_MMAP 1
| #define HAVE_BTOWC 1
| #define HAVE_ISASCII 1
| #define HAVE_ISWCTYPE 1
| #define HAVE_MBRLEN 1
| #define HAVE_MEMMOVE 1
| #define HAVE_STRERROR 1
| #define HAVE_WCRTOMB 1
| #define HAVE_WCSCOLL 1
| #define HAVE_WCTYPE 1
| #define HAVE_MBRTOWC 1
| #define HAVE_STDLIB_H 1
| #define HAVE_MEMCHR 1
| #define HAVE_STPCPY 1
| #define HAVE_STRTOUL 1
| #define HAVE_ATEXIT 1
| #define HAVE_FNMATCH 1
| #define HAVE_STDLIB_H 1
| #define HAVE_STRTOUMAX 1
| #define HAVE_DECL_STRTOUL 1
| #define HAVE_DECL_STRTOULL 1
| #define HAVE_DECL_STRTOUL 1
| #define HAVE_DECL_STRTOULL 1
| #define HAVE_ARGZ_H 1
| #define HAVE_LIMITS_H 1
| #define HAVE_LOCALE_H 1
| #define HAVE_NL_TYPES_H 1
| #define HAVE_MALLOC_H 1
| #define HAVE_STDDEF_H 1
| #define HAVE_STDLIB_H 1
| #define HAVE_STRING_H 1
| #define HAVE_UNISTD_H 1
| #define HAVE_SYS_PARAM_H 1
| #define HAVE_FEOF_UNLOCKED 1
| #define HAVE_FGETS_UNLOCKED 1
| #define HAVE_GETCWD 1
| #define HAVE_GETEGID 1
| #define HAVE_GETEUID 1
| #define HAVE_GETGID 1
| #define HAVE_GETUID 1
| #define HAVE_MEMPCPY 1
| #define HAVE_MUNMAP 1
| #define HAVE_PUTENV 1
| #define HAVE_SETENV 1
| #define HAVE_SETLOCALE 1
| #define HAVE_STPCPY 1
| #define HAVE_STRCHR 1
| #define HAVE_STRCASECMP 1
| #define HAVE_STRDUP 1
| #define HAVE_STRTOUL 1
| #define HAVE_TSEARCH 1
| #define HAVE___ARGZ_COUNT 1
| #define HAVE___ARGZ_STRINGIFY 1
| #define HAVE___ARGZ_NEXT 1
| #define HAVE_ICONV 1
| #define ICONV_CONST 
| #define HAVE_LANGINFO_CODESET 1
| #define HAVE_LC_MESSAGES 1
| #define ENABLE_NLS 1
| #define HAVE_GETTEXT 1
| #define HAVE_DCGETTEXT 1
| /* end confdefs.h.  */
| 
| int
| main ()
| {
|  return __DJGPP__;
|   ;
|   return 0;
| }
configure:9629: result: no
configure:9636: checking for environ variable separator
configure:9650: result: :
configure:9668: checking for working re_compile_pattern
configure:9711: gcc -o conftest -g -O2   conftest.c  >&5
conftest.c: In function 'main':
conftest.c:112:6: warning: implicit declaration of function 're_set_syntax' [-Wimplicit-function-declaration]
      re_set_syntax (RE_SYNTAX_POSIX_EGREP);
      ^
conftest.c:112:21: error: 'RE_SYNTAX_POSIX_EGREP' undeclared (first use in this function)
      re_set_syntax (RE_SYNTAX_POSIX_EGREP);
                     ^
conftest.c:112:21: note: each undeclared identifier is reported only once for each function it appears in
conftest.c:115:10: warning: implicit declaration of function 're_compile_pattern' [-Wimplicit-function-declaration]
      s = re_compile_pattern ("a[[:]:]b\n", 9, &regex);
          ^
conftest.c:115:8: warning: assignment makes pointer from integer without a cast [-Wint-conversion]
      s = re_compile_pattern ("a[[:]:]b\n", 9, &regex);
        ^
conftest.c:118:8: warning: implicit declaration of function 'exit' [-Wimplicit-function-declaration]
        exit (1);
        ^
conftest.c:118:8: warning: incompatible implicit declaration of built-in function 'exit'
conftest.c:118:8: note: include '<stdlib.h>' or provide a declaration of 'exit'
conftest.c:121:8: warning: assignment makes pointer from integer without a cast [-Wint-conversion]
      s = re_compile_pattern ("{1", 2, &regex);
        ^
conftest.c:123:5: warning: incompatible implicit declaration of built-in function 'exit'
     exit (s ? 1 : 0);
     ^
conftest.c:123:5: note: include '<stdlib.h>' or provide a declaration of 'exit'
configure:9714: $? = 1
configure: program exited with status 1
configure: failed program was:
| /* confdefs.h.  */
| #define PACKAGE_NAME "GNU grep"
| #define PACKAGE_TARNAME "grep"
| #define PACKAGE_VERSION "2.5.3"
| #define PACKAGE_STRING "GNU grep 2.5.3"
| #define PACKAGE_BUGREPORT "bug-grep@gnu.org"
| #define GREP 1
| #define PACKAGE "grep"
| #define VERSION "2.5.3"
| #define _FILE_OFFSET_BITS 64
| #define _LARGEFILE_SOURCE 1
| #define PROTOTYPES 1
| #define __PROTOTYPES 1
| #define STDC_HEADERS 1
| #define HAVE_SYS_TYPES_H 1
| #define HAVE_SYS_STAT_H 1
| #define HAVE_STDLIB_H 1
| #define HAVE_STRING_H 1
| #define HAVE_MEMORY_H 1
| #define HAVE_STRINGS_H 1
| #define HAVE_INTTYPES_H 1
| #define HAVE_STDINT_H 1
| #define HAVE_UNISTD_H 1
| #define HAVE_STRING_H 1
| #define HAVE_INTTYPES_H 1
| #define HAVE_UNSIGNED_LONG_LONG 1
| #define STDC_HEADERS 1
| #define HAVE_STRING_H 1
| #define HAVE_STDLIB_H 1
| #define HAVE_SYS_PARAM_H 1
| #define HAVE_MEMORY_H 1
| #define HAVE_UNISTD_H 1
| #define HAVE_LIBINTL_H 1
| #define HAVE_WCTYPE_H 1
| #define HAVE_WCHAR_H 1
| #define HAVE_DIRENT_H 1
| #define HAVE_ALLOCA_H 1
| #define HAVE_ALLOCA 1
| #define HAVE_STDLIB_H 1
| #define HAVE_UNISTD_H 1
| #define HAVE_GETPAGESIZE 1
| #define HAVE_MMAP 1
| #define HAVE_BTOWC 1
| #define HAVE_ISASCII 1
| #define HAVE_ISWCTYPE 1
| #define HAVE_MBRLEN 1
| #define HAVE_MEMMOVE 1
| #define HAVE_STRERROR 1
| #define HAVE_WCRTOMB 1
| #define HAVE_WCSCOLL 1
| #define HAVE_WCTYPE 1
| #define HAVE_MBRTOWC 1
| #define HAVE_STDLIB_H 1
| #define HAVE_MEMCHR 1
| #define HAVE_STPCPY 1
| #define HAVE_STRTOUL 1
| #define HAVE_ATEXIT 1
| #define HAVE_FNMATCH 1
| #define HAVE_STDLIB_H 1
| #define HAVE_STRTOUMAX 1
| #define HAVE_DECL_STRTOUL 1
| #define HAVE_DECL_STRTOULL 1
| #define HAVE_DECL_STRTOUL 1
| #define HAVE_DECL_STRTOULL 1
| #define HAVE_ARGZ_H 1
| #define HAVE_LIMITS_H 1
| #define HAVE_LOCALE_H 1
| #define HAVE_NL_TYPES_H 1
| #define HAVE_MALLOC_H 1
| #define HAVE_STDDEF_H 1
| #define HAVE_STDLIB_H 1
| #define HAVE_STRING_H 1
| #define HAVE_UNISTD_H 1
| #define HAVE_SYS_PARAM_H 1
| #define HAVE_FEOF_UNLOCKED 1
| #define HAVE_FGETS_UNLOCKED 1
| #define HAVE_GETCWD 1
| #define HAVE_GETEGID 1
| #define HAVE_GETEUID 1
| #define HAVE_GETGID 1
| #define HAVE_GETUID 1
| #define HAVE_MEMPCPY 1
| #define HAVE_MUNMAP 1
| #define HAVE_PUTENV 1
| #define HAVE_SETENV 1
| #define HAVE_SETLOCALE 1
| #define HAVE_STPCPY 1
| #define HAVE_STRCHR 1
| #define HAVE_STRCASECMP 1
| #define HAVE_STRDUP 1
| #define HAVE_STRTOUL 1
| #define HAVE_TSEARCH 1
| #define HAVE___ARGZ_COUNT 1
| #define HAVE___ARGZ_STRINGIFY 1
| #define HAVE___ARGZ_NEXT 1
| #define HAVE_ICONV 1
| #define ICONV_CONST 
| #define HAVE_LANGINFO_CODESET 1
| #define HAVE_LC_MESSAGES 1
| #define ENABLE_NLS 1
| #define HAVE_GETTEXT 1
| #define HAVE_DCGETTEXT 1
| /* end confdefs.h.  */
| 
| #include <stdio.h>
| #include <regex.h>
| 	  int
| 	  main ()
| 	  {
| 	    static struct re_pattern_buffer regex;
| 	    const char *s;
| 	    re_set_syntax (RE_SYNTAX_POSIX_EGREP);
| 	    /* Add this third left square bracket, , to balance the
| 	       three right ones below.  Otherwise autoconf-2.14 chokes.  */
| 	    s = re_compile_pattern ("a[[:]:]b\n", 9, &regex);
| 	    /* This should fail with _Invalid character class name_ error.  */
| 	    if (!s)
| 	      exit (1);
| 
| 	    /* This should succeed, but doesn't for e.g. glibc-2.1.3.  */
| 	    s = re_compile_pattern ("{1", 2, &regex);
| 
| 	   exit (s ? 1 : 0);
| 	  }
| 
configure:9740: result: no
configure:9772: checking for getopt_long
configure:9828: gcc -o conftest -g -O2   conftest.c  >&5
configure:9834: $? = 0
configure:9851: result: yes
configure:9901: checking whether strerror_r is declared
configure:9930: gcc -c -g -O2  conftest.c >&5
configure:9936: $? = 0
configure:9951: result: yes
configure:9973: checking for strerror_r
configure:10029: gcc -o conftest -g -O2   conftest.c  >&5
configure:10035: $? = 0
configure:10053: result: yes
configure:10063: checking whether strerror_r returns char *
configure:10097: gcc -c -g -O2  conftest.c >&5
conftest.c: In function 'main':
conftest.c:144:13: error: invalid type argument of unary '*' (have 'int')
    char x = *strerror_r (0, buf, sizeof buf);
             ^
conftest.c:145:14: warning: initialization makes pointer from integer without a cast [-Wint-conversion]
    char *p = strerror_r (0, buf, sizeof buf);
              ^
configure:10103: $? = 1
configure: failed program was:
| /* confdefs.h.  */
| #define PACKAGE_NAME "GNU grep"
| #define PACKAGE_TARNAME "grep"
| #define PACKAGE_VERSION "2.5.3"
| #define PACKAGE_STRING "GNU grep 2.5.3"
| #define PACKAGE_BUGREPORT "bug-grep@gnu.org"
| #define GREP 1
| #define PACKAGE "grep"
| #define VERSION "2.5.3"
| #define _FILE_OFFSET_BITS 64
| #define _LARGEFILE_SOURCE 1
| #define PROTOTYPES 1
| #define __PROTOTYPES 1
| #define STDC_HEADERS 1
| #define HAVE_SYS_TYPES_H 1
| #define HAVE_SYS_STAT_H 1
| #define HAVE_STDLIB_H 1
| #define HAVE_STRING_H 1
| #define HAVE_MEMORY_H 1
| #define HAVE_STRINGS_H 1
| #define HAVE_INTTYPES_H 1
| #define HAVE_STDINT_H 1
| #define HAVE_UNISTD_H 1
| #define HAVE_STRING_H 1
| #define HAVE_INTTYPES_H 1
| #define HAVE_UNSIGNED_LONG_LONG 1
| #define STDC_HEADERS 1
| #define HAVE_STRING_H 1
| #define HAVE_STDLIB_H 1
| #define HAVE_SYS_PARAM_H 1
| #define HAVE_MEMORY_H 1
| #define HAVE_UNISTD_H 1
| #define HAVE_LIBINTL_H 1
| #define HAVE_WCTYPE_H 1
| #define HAVE_WCHAR_H 1
| #define HAVE_DIRENT_H 1
| #define HAVE_ALLOCA_H 1
| #define HAVE_ALLOCA 1
| #define HAVE_STDLIB_H 1
| #define HAVE_UNISTD_H 1
| #define HAVE_GETPAGESIZE 1
| #define HAVE_MMAP 1
| #define HAVE_BTOWC 1
| #define HAVE_ISASCII 1
| #define HAVE_ISWCTYPE 1
| #define HAVE_MBRLEN 1
| #define HAVE_MEMMOVE 1
| #define HAVE_STRERROR 1
| #define HAVE_WCRTOMB 1
| #define HAVE_WCSCOLL 1
| #define HAVE_WCTYPE 1
| #define HAVE_MBRTOWC 1
| #define HAVE_STDLIB_H 1
| #define HAVE_MEMCHR 1
| #define HAVE_STPCPY 1
| #define HAVE_STRTOUL 1
| #define HAVE_ATEXIT 1
| #define HAVE_FNMATCH 1
| #define HAVE_STDLIB_H 1
| #define HAVE_STRTOUMAX 1
| #define HAVE_DECL_STRTOUL 1
| #define HAVE_DECL_STRTOULL 1
| #define HAVE_DECL_STRTOUL 1
| #define HAVE_DECL_STRTOULL 1
| #define HAVE_ARGZ_H 1
| #define HAVE_LIMITS_H 1
| #define HAVE_LOCALE_H 1
| #define HAVE_NL_TYPES_H 1
| #define HAVE_MALLOC_H 1
| #define HAVE_STDDEF_H 1
| #define HAVE_STDLIB_H 1
| #define HAVE_STRING_H 1
| #define HAVE_UNISTD_H 1
| #define HAVE_SYS_PARAM_H 1
| #define HAVE_FEOF_UNLOCKED 1
| #define HAVE_FGETS_UNLOCKED 1
| #define HAVE_GETCWD 1
| #define HAVE_GETEGID 1
| #define HAVE_GETEUID 1
| #define HAVE_GETGID 1
| #define HAVE_GETUID 1
| #define HAVE_MEMPCPY 1
| #define HAVE_MUNMAP 1
| #define HAVE_PUTENV 1
| #define HAVE_SETENV 1
| #define HAVE_SETLOCALE 1
| #define HAVE_STPCPY 1
| #define HAVE_STRCHR 1
| #define HAVE_STRCASECMP 1
| #define HAVE_STRDUP 1
| #define HAVE_STRTOUL 1
| #define HAVE_TSEARCH 1
| #define HAVE___ARGZ_COUNT 1
| #define HAVE___ARGZ_STRINGIFY 1
| #define HAVE___ARGZ_NEXT 1
| #define HAVE_ICONV 1
| #define ICONV_CONST 
| #define HAVE_LANGINFO_CODESET 1
| #define HAVE_LC_MESSAGES 1
| #define ENABLE_NLS 1
| #define HAVE_GETTEXT 1
| #define HAVE_DCGETTEXT 1
| #define HAVE_DECL_STRERROR_R 1
| #define HAVE_STRERROR_R 1
| /* end confdefs.h.  */
| #include <stdio.h>
| #ifdef HAVE_SYS_TYPES_H
| # include <sys/types.h>
| #endif
| #ifdef HAVE_SYS_STAT_H
| # include <sys/stat.h>
| #endif
| #ifdef STDC_HEADERS
| # include <stdlib.h>
| # include <stddef.h>
| #else
| # ifdef HAVE_STDLIB_H
| #  include <stdlib.h>
| # endif
| #endif
| #ifdef HAVE_STRING_H
| # if !defined STDC_HEADERS && defined HAVE_MEMORY_H
| #  include <memory.h>
| # endif
| # include <string.h>
| #endif
| #ifdef HAVE_STRINGS_H
| # include <strings.h>
| #endif
| #ifdef HAVE_INTTYPES_H
| # include <inttypes.h>
| #endif
| #ifdef HAVE_STDINT_H
| # include <stdint.h>
| #endif
| #ifdef HAVE_UNISTD_H
| # include <unistd.h>
| #endif
| int
| main ()
| {
| 
| 	  char buf[100];
| 	  char x = *strerror_r (0, buf, sizeof buf);
| 	  char *p = strerror_r (0, buf, sizeof buf);
| 	  return !p || x;
| 
|   ;
|   return 0;
| }
configure:10179: result: no
configure:10197: checking for strerror
configure:10277: result: yes
configure:10197: checking for strerror_r
configure:10277: result: yes
configure:10197: checking for vprintf
configure:10253: gcc -o conftest -g -O2   conftest.c  >&5
conftest.c:131:6: warning: conflicting types for built-in function 'vprintf'
 char vprintf ();
      ^
configure:10259: $? = 0
configure:10277: result: yes
configure:10197: checking for doprnt
configure:10253: gcc -o conftest -g -O2   conftest.c  >&5
/tmp/ccM7iHpS.o: In function `main':
/root/opi0setup/LFS/grep-2.5.3/conftest.c:143: undefined reference to `doprnt'
collect2: error: ld returned 1 exit status
configure:10259: $? = 1
configure: failed program was:
| /* confdefs.h.  */
| #define PACKAGE_NAME "GNU grep"
| #define PACKAGE_TARNAME "grep"
| #define PACKAGE_VERSION "2.5.3"
| #define PACKAGE_STRING "GNU grep 2.5.3"
| #define PACKAGE_BUGREPORT "bug-grep@gnu.org"
| #define GREP 1
| #define PACKAGE "grep"
| #define VERSION "2.5.3"
| #define _FILE_OFFSET_BITS 64
| #define _LARGEFILE_SOURCE 1
| #define PROTOTYPES 1
| #define __PROTOTYPES 1
| #define STDC_HEADERS 1
| #define HAVE_SYS_TYPES_H 1
| #define HAVE_SYS_STAT_H 1
| #define HAVE_STDLIB_H 1
| #define HAVE_STRING_H 1
| #define HAVE_MEMORY_H 1
| #define HAVE_STRINGS_H 1
| #define HAVE_INTTYPES_H 1
| #define HAVE_STDINT_H 1
| #define HAVE_UNISTD_H 1
| #define HAVE_STRING_H 1
| #define HAVE_INTTYPES_H 1
| #define HAVE_UNSIGNED_LONG_LONG 1
| #define STDC_HEADERS 1
| #define HAVE_STRING_H 1
| #define HAVE_STDLIB_H 1
| #define HAVE_SYS_PARAM_H 1
| #define HAVE_MEMORY_H 1
| #define HAVE_UNISTD_H 1
| #define HAVE_LIBINTL_H 1
| #define HAVE_WCTYPE_H 1
| #define HAVE_WCHAR_H 1
| #define HAVE_DIRENT_H 1
| #define HAVE_ALLOCA_H 1
| #define HAVE_ALLOCA 1
| #define HAVE_STDLIB_H 1
| #define HAVE_UNISTD_H 1
| #define HAVE_GETPAGESIZE 1
| #define HAVE_MMAP 1
| #define HAVE_BTOWC 1
| #define HAVE_ISASCII 1
| #define HAVE_ISWCTYPE 1
| #define HAVE_MBRLEN 1
| #define HAVE_MEMMOVE 1
| #define HAVE_STRERROR 1
| #define HAVE_WCRTOMB 1
| #define HAVE_WCSCOLL 1
| #define HAVE_WCTYPE 1
| #define HAVE_MBRTOWC 1
| #define HAVE_STDLIB_H 1
| #define HAVE_MEMCHR 1
| #define HAVE_STPCPY 1
| #define HAVE_STRTOUL 1
| #define HAVE_ATEXIT 1
| #define HAVE_FNMATCH 1
| #define HAVE_STDLIB_H 1
| #define HAVE_STRTOUMAX 1
| #define HAVE_DECL_STRTOUL 1
| #define HAVE_DECL_STRTOULL 1
| #define HAVE_DECL_STRTOUL 1
| #define HAVE_DECL_STRTOULL 1
| #define HAVE_ARGZ_H 1
| #define HAVE_LIMITS_H 1
| #define HAVE_LOCALE_H 1
| #define HAVE_NL_TYPES_H 1
| #define HAVE_MALLOC_H 1
| #define HAVE_STDDEF_H 1
| #define HAVE_STDLIB_H 1
| #define HAVE_STRING_H 1
| #define HAVE_UNISTD_H 1
| #define HAVE_SYS_PARAM_H 1
| #define HAVE_FEOF_UNLOCKED 1
| #define HAVE_FGETS_UNLOCKED 1
| #define HAVE_GETCWD 1
| #define HAVE_GETEGID 1
| #define HAVE_GETEUID 1
| #define HAVE_GETGID 1
| #define HAVE_GETUID 1
| #define HAVE_MEMPCPY 1
| #define HAVE_MUNMAP 1
| #define HAVE_PUTENV 1
| #define HAVE_SETENV 1
| #define HAVE_SETLOCALE 1
| #define HAVE_STPCPY 1
| #define HAVE_STRCHR 1
| #define HAVE_STRCASECMP 1
| #define HAVE_STRDUP 1
| #define HAVE_STRTOUL 1
| #define HAVE_TSEARCH 1
| #define HAVE___ARGZ_COUNT 1
| #define HAVE___ARGZ_STRINGIFY 1
| #define HAVE___ARGZ_NEXT 1
| #define HAVE_ICONV 1
| #define ICONV_CONST 
| #define HAVE_LANGINFO_CODESET 1
| #define HAVE_LC_MESSAGES 1
| #define ENABLE_NLS 1
| #define HAVE_GETTEXT 1
| #define HAVE_DCGETTEXT 1
| #define HAVE_DECL_STRERROR_R 1
| #define HAVE_STRERROR_R 1
| #define HAVE_STRERROR 1
| #define HAVE_STRERROR_R 1
| #define HAVE_VPRINTF 1
| /* end confdefs.h.  */
| /* Define doprnt to an innocuous variant, in case <limits.h> declares doprnt.
|    For example, HP-UX 11i <limits.h> declares gettimeofday.  */
| #define doprnt innocuous_doprnt
| 
| /* System header to define __stub macros and hopefully few prototypes,
|     which can conflict with char doprnt (); below.
|     Prefer <limits.h> to <assert.h> if __STDC__ is defined, since
|     <limits.h> exists even on freestanding compilers.  */
| 
| #ifdef __STDC__
| # include <limits.h>
| #else
| # include <assert.h>
| #endif
| 
| #undef doprnt
| 
| /* Override any GCC internal prototype to avoid an error.
|    Use char because int might match the return type of a GCC
|    builtin and then its argument prototype would still apply.  */
| #ifdef __cplusplus
| extern "C"
| #endif
| char doprnt ();
| /* The GNU C library defines this for functions which it implements
|     to always fail with ENOSYS.  Some functions are actually named
|     something starting with __ and the normal name is an alias.  */
| #if defined __stub_doprnt || defined __stub___doprnt
| choke me
| #endif
| 
| int
| main ()
| {
| return doprnt ();
|   ;
|   return 0;
| }
configure:10277: result: no
configure:10287: checking for ANSI C header files
configure:10451: result: yes
configure:10470: checking for working malloc
configure:10499: gcc -o conftest -g -O2   conftest.c  >&5
conftest.c:112:11: warning: conflicting types for built-in function 'malloc'
     char *malloc ();
           ^
conftest.c: In function 'main':
conftest.c:116:7: warning: implicit declaration of function 'exit' [-Wimplicit-function-declaration]
       exit (malloc (0) ? 0 : 1);
       ^
conftest.c:116:7: warning: incompatible implicit declaration of built-in function 'exit'
conftest.c:116:7: note: include '<stdlib.h>' or provide a declaration of 'exit'
configure:10502: $? = 0
configure:10508: ./conftest
configure:10511: $? = 0
configure:10528: result: yes
configure:10551: checking for working realloc
configure:10580: gcc -o conftest -g -O2   conftest.c  >&5
conftest.c:113:11: warning: conflicting types for built-in function 'realloc'
     char *realloc ();
           ^
conftest.c: In function 'main':
conftest.c:117:7: warning: implicit declaration of function 'exit' [-Wimplicit-function-declaration]
       exit (realloc (0, 0) ? 0 : 1);
       ^
conftest.c:117:7: warning: incompatible implicit declaration of built-in function 'exit'
conftest.c:117:7: note: include '<stdlib.h>' or provide a declaration of 'exit'
configure:10583: $? = 0
configure:10589: ./conftest
configure:10592: $? = 0
configure:10609: result: yes
configure:10633: checking for pcre_exec in -lpcre
configure:10668: gcc -o conftest -g -O2   conftest.c -lpcre   >&5
/usr/bin/ld: cannot find -lpcre
collect2: error: ld returned 1 exit status
configure:10674: $? = 1
configure: failed program was:
| /* confdefs.h.  */
| #define PACKAGE_NAME "GNU grep"
| #define PACKAGE_TARNAME "grep"
| #define PACKAGE_VERSION "2.5.3"
| #define PACKAGE_STRING "GNU grep 2.5.3"
| #define PACKAGE_BUGREPORT "bug-grep@gnu.org"
| #define GREP 1
| #define PACKAGE "grep"
| #define VERSION "2.5.3"
| #define _FILE_OFFSET_BITS 64
| #define _LARGEFILE_SOURCE 1
| #define PROTOTYPES 1
| #define __PROTOTYPES 1
| #define STDC_HEADERS 1
| #define HAVE_SYS_TYPES_H 1
| #define HAVE_SYS_STAT_H 1
| #define HAVE_STDLIB_H 1
| #define HAVE_STRING_H 1
| #define HAVE_MEMORY_H 1
| #define HAVE_STRINGS_H 1
| #define HAVE_INTTYPES_H 1
| #define HAVE_STDINT_H 1
| #define HAVE_UNISTD_H 1
| #define HAVE_STRING_H 1
| #define HAVE_INTTYPES_H 1
| #define HAVE_UNSIGNED_LONG_LONG 1
| #define STDC_HEADERS 1
| #define HAVE_STRING_H 1
| #define HAVE_STDLIB_H 1
| #define HAVE_SYS_PARAM_H 1
| #define HAVE_MEMORY_H 1
| #define HAVE_UNISTD_H 1
| #define HAVE_LIBINTL_H 1
| #define HAVE_WCTYPE_H 1
| #define HAVE_WCHAR_H 1
| #define HAVE_DIRENT_H 1
| #define HAVE_ALLOCA_H 1
| #define HAVE_ALLOCA 1
| #define HAVE_STDLIB_H 1
| #define HAVE_UNISTD_H 1
| #define HAVE_GETPAGESIZE 1
| #define HAVE_MMAP 1
| #define HAVE_BTOWC 1
| #define HAVE_ISASCII 1
| #define HAVE_ISWCTYPE 1
| #define HAVE_MBRLEN 1
| #define HAVE_MEMMOVE 1
| #define HAVE_STRERROR 1
| #define HAVE_WCRTOMB 1
| #define HAVE_WCSCOLL 1
| #define HAVE_WCTYPE 1
| #define HAVE_MBRTOWC 1
| #define HAVE_STDLIB_H 1
| #define HAVE_MEMCHR 1
| #define HAVE_STPCPY 1
| #define HAVE_STRTOUL 1
| #define HAVE_ATEXIT 1
| #define HAVE_FNMATCH 1
| #define HAVE_STDLIB_H 1
| #define HAVE_STRTOUMAX 1
| #define HAVE_DECL_STRTOUL 1
| #define HAVE_DECL_STRTOULL 1
| #define HAVE_DECL_STRTOUL 1
| #define HAVE_DECL_STRTOULL 1
| #define HAVE_ARGZ_H 1
| #define HAVE_LIMITS_H 1
| #define HAVE_LOCALE_H 1
| #define HAVE_NL_TYPES_H 1
| #define HAVE_MALLOC_H 1
| #define HAVE_STDDEF_H 1
| #define HAVE_STDLIB_H 1
| #define HAVE_STRING_H 1
| #define HAVE_UNISTD_H 1
| #define HAVE_SYS_PARAM_H 1
| #define HAVE_FEOF_UNLOCKED 1
| #define HAVE_FGETS_UNLOCKED 1
| #define HAVE_GETCWD 1
| #define HAVE_GETEGID 1
| #define HAVE_GETEUID 1
| #define HAVE_GETGID 1
| #define HAVE_GETUID 1
| #define HAVE_MEMPCPY 1
| #define HAVE_MUNMAP 1
| #define HAVE_PUTENV 1
| #define HAVE_SETENV 1
| #define HAVE_SETLOCALE 1
| #define HAVE_STPCPY 1
| #define HAVE_STRCHR 1
| #define HAVE_STRCASECMP 1
| #define HAVE_STRDUP 1
| #define HAVE_STRTOUL 1
| #define HAVE_TSEARCH 1
| #define HAVE___ARGZ_COUNT 1
| #define HAVE___ARGZ_STRINGIFY 1
| #define HAVE___ARGZ_NEXT 1
| #define HAVE_ICONV 1
| #define ICONV_CONST 
| #define HAVE_LANGINFO_CODESET 1
| #define HAVE_LC_MESSAGES 1
| #define ENABLE_NLS 1
| #define HAVE_GETTEXT 1
| #define HAVE_DCGETTEXT 1
| #define HAVE_DECL_STRERROR_R 1
| #define HAVE_STRERROR_R 1
| #define HAVE_STRERROR 1
| #define HAVE_STRERROR_R 1
| #define HAVE_VPRINTF 1
| #define STDC_HEADERS 1
| #define HAVE_DONE_WORKING_MALLOC_CHECK 1
| #define HAVE_DONE_WORKING_REALLOC_CHECK 1
| /* end confdefs.h.  */
| 
| /* Override any GCC internal prototype to avoid an error.
|    Use char because int might match the return type of a GCC
|    builtin and then its argument prototype would still apply.  */
| #ifdef __cplusplus
| extern "C"
| #endif
| char pcre_exec ();
| int
| main ()
| {
| return pcre_exec ();
|   ;
|   return 0;
| }
configure:10692: result: no
configure:10823: creating ./config.status

## ---------------------- ##
## Running config.status. ##
## ---------------------- ##

This file was extended by GNU grep config.status 2.5.3, which was
generated by GNU Autoconf 2.61.  Invocation command line was

  CONFIG_FILES    = 
  CONFIG_HEADERS  = 
  CONFIG_LINKS    = 
  CONFIG_COMMANDS = 
  $ ./config.status 

on cl-controller

config.status:686: creating Makefile
config.status:686: creating lib/Makefile
config.status:686: creating lib/posix/Makefile
config.status:686: creating src/Makefile
config.status:686: creating tests/Makefile
config.status:686: creating po/Makefile.in
config.status:686: creating intl/Makefile
config.status:826: WARNING:  intl/Makefile.in seems to ignore the --datarootdir setting
config.status:686: creating doc/Makefile
config.status:686: creating m4/Makefile
config.status:686: creating vms/Makefile
config.status:686: creating bootstrap/Makefile
config.status:686: creating config.h
config.status:1066: executing depfiles commands
config.status:1066: executing default-1 commands
config.status:1066: executing default commands

## ---------------- ##
## Cache variables. ##
## ---------------- ##

ac_cv_build=armv7l-unknown-linux-gnu
ac_cv_c_compiler_gnu=yes
ac_cv_c_const=yes
ac_cv_c_inline=inline
ac_cv_djgpp=no
ac_cv_dosfile=no
ac_cv_env_CC_set=
ac_cv_env_CC_value=
ac_cv_env_CFLAGS_set=
ac_cv_env_CFLAGS_value=
ac_cv_env_CPPFLAGS_set=
ac_cv_env_CPPFLAGS_value=
ac_cv_env_CPP_set=
ac_cv_env_CPP_value=
ac_cv_env_LDFLAGS_set=
ac_cv_env_LDFLAGS_value=
ac_cv_env_LIBS_set=
ac_cv_env_LIBS_value=
ac_cv_env_build_alias_set=
ac_cv_env_build_alias_value=
ac_cv_env_host_alias_set=
ac_cv_env_host_alias_value=
ac_cv_env_target_alias_set=
ac_cv_env_target_alias_value=
ac_cv_func___argz_count=yes
ac_cv_func___argz_next=yes
ac_cv_func___argz_stringify=yes
ac_cv_func_alloca_works=yes
ac_cv_func_atexit=yes
ac_cv_func_btowc=yes
ac_cv_func_closedir_void=no
ac_cv_func_dcgettext=yes
ac_cv_func_doprnt=no
ac_cv_func_feof_unlocked=yes
ac_cv_func_fgets_unlocked=yes
ac_cv_func_fnmatch=yes
ac_cv_func_getcwd=yes
ac_cv_func_getegid=yes
ac_cv_func_geteuid=yes
ac_cv_func_getgid=yes
ac_cv_func_getopt_long=yes
ac_cv_func_getpagesize=yes
ac_cv_func_getuid=yes
ac_cv_func_isascii=yes
ac_cv_func_iswctype=yes
ac_cv_func_mbrlen=yes
ac_cv_func_mbrtowc=yes
ac_cv_func_memchr=yes
ac_cv_func_memmove=yes
ac_cv_func_mempcpy=yes
ac_cv_func_mmap_fixed_mapped=yes
ac_cv_func_munmap=yes
ac_cv_func_putenv=yes
ac_cv_func_setenv=yes
ac_cv_func_setlocale=yes
ac_cv_func_setmode=no
ac_cv_func_stpcpy=yes
ac_cv_func_strcasecmp=yes
ac_cv_func_strchr=yes
ac_cv_func_strdup=yes
ac_cv_func_strerror=yes
ac_cv_func_strerror_r=yes
ac_cv_func_strerror_r_char_p=no
ac_cv_func_strtoul=yes
ac_cv_func_strtoumax=yes
ac_cv_func_tsearch=yes
ac_cv_func_vprintf=yes
ac_cv_func_wcrtomb=yes
ac_cv_func_wcscoll=yes
ac_cv_func_wctype=yes
ac_cv_gnu_library_2_1=yes
ac_cv_have_decl_strerror_r=yes
ac_cv_header_argz_h=yes
ac_cv_header_dirent_dirent_h=yes
ac_cv_header_inttypes_h=yes
ac_cv_header_libintl_h=yes
ac_cv_header_limits_h=yes
ac_cv_header_locale_h=yes
ac_cv_header_malloc_h=yes
ac_cv_header_memory_h=yes
ac_cv_header_nl_types_h=yes
ac_cv_header_stat_broken=no
ac_cv_header_stdc=yes
ac_cv_header_stddef_h=yes
ac_cv_header_stdint_h=yes
ac_cv_header_stdlib_h=yes
ac_cv_header_string_h=yes
ac_cv_header_strings_h=yes
ac_cv_header_sys_param_h=yes
ac_cv_header_sys_stat_h=yes
ac_cv_header_sys_types_h=yes
ac_cv_header_unistd_h=yes
ac_cv_header_wchar_h=yes
ac_cv_header_wctype_h=yes
ac_cv_host=armv7l-unknown-linux-gnu
ac_cv_lib_cposix_strerror=no
ac_cv_lib_pcre_pcre_exec=no
ac_cv_objext=o
ac_cv_path_EGREP='/bin/grep -E'
ac_cv_path_GMSGFMT=:
ac_cv_path_GREP=/bin/grep
ac_cv_path_MSGFMT=:
ac_cv_path_XGETTEXT=:
ac_cv_path_install='/usr/bin/install -c'
ac_cv_path_mkdir=/bin/mkdir
ac_cv_prog_AWK=mawk
ac_cv_prog_CPP='gcc -E'
ac_cv_prog_INTLBISON=bison
ac_cv_prog_ac_ct_CC=gcc
ac_cv_prog_ac_ct_GETCONF=getconf
ac_cv_prog_ac_ct_RANLIB=ranlib
ac_cv_prog_cc_c89=
ac_cv_prog_cc_g=yes
ac_cv_prog_make_make_set=yes
ac_cv_search_opendir='none required'
ac_cv_sep=no
ac_cv_sys_file_offset_bits=64
ac_cv_sys_large_files=no
ac_cv_sys_largefile_CFLAGS='-D_LARGEFILE_SOURCE -D_FILE_OFFSET_BITS=64'
ac_cv_sys_largefile_LDFLAGS=
ac_cv_sys_largefile_LIBS=
ac_cv_sys_largefile_source=1
ac_cv_type_mbstate_t=yes
ac_cv_type_off_t=yes
ac_cv_type_size_t=yes
ac_cv_type_ssize_t=yes
ac_cv_type_unsigned_long_long=yes
ac_cv_working_alloca_h=yes
am_cv_CC_dependencies_compiler_type=gcc3
am_cv_func_iconv=yes
am_cv_langinfo_codeset=yes
am_cv_lib_iconv=no
am_cv_proto_iconv='extern size_t iconv (iconv_t cd, char * *inbuf, size_t *inbytesleft, char * *outbuf, size_t *outbytesleft);'
am_cv_proto_iconv_arg1=
am_cv_val_LC_MESSAGES=yes
gt_cv_func_gnugettext1_libc=yes
jm_ac_cv_header_inttypes_h=yes
jm_cv_func_decl_strtoul=yes
jm_cv_func_decl_strtoull=yes
jm_cv_func_strtoumax_macro=no
jm_cv_func_working_malloc=yes
jm_cv_func_working_re_compile_pattern=no
jm_cv_func_working_realloc=yes
nls_cv_force_use_gnu_gettext=no
nls_cv_header_intl=
nls_cv_header_libgt=
nls_cv_use_gnu_gettext=no

## ----------------- ##
## Output variables. ##
## ----------------- ##

ACLOCAL='aclocal-1.10'
ALLOCA=''
AMDEPBACKSLASH='\'
AMDEP_FALSE='#'
AMDEP_TRUE=''
AMTAR='tar'
ANSI2KNR=''
AUTOCONF='autoconf'
AUTOHEADER='autoheader'
AUTOMAKE='automake-1.10'
AWK='mawk'
BUILD_INCLUDED_LIBINTL='no'
CATALOGS=' af.gmo be.gmo bg.gmo ca.gmo cs.gmo da.gmo de.gmo el.gmo eo.gmo es.gmo et.gmo eu.gmo fi.gmo fr.gmo ga.gmo gl.gmo he.gmo hr.gmo hu.gmo id.gmo it.gmo ja.gmo ko.gmo nb.gmo nl.gmo no.gmo pl.gmo pt_BR.gmo pt.gmo ro.gmo ru.gmo rw.gmo sl.gmo sr.gmo sv.gmo tr.gmo uk.gmo vi.gmo zh_TW.gmo'
CATOBJEXT='.gmo'
CC='gcc'
CCDEPMODE='depmode=gcc3'
CFLAGS='-g -O2'
CPP='gcc -E'
CPPFLAGS=''
CYGPATH_W='echo'
DATADIRNAME='share'
DEFS='-DHAVE_CONFIG_H'
DEPDIR='.deps'
ECHO_C=''
ECHO_N='-n'
ECHO_T=''
EGREP='/bin/grep -E'
EXEEXT=''
GENCAT='gencat'
GETCONF='getconf'
GLIBC21='yes'
GMOFILES=' af.gmo be.gmo bg.gmo ca.gmo cs.gmo da.gmo de.gmo el.gmo eo.gmo es.gmo et.gmo eu.gmo fi.gmo fr.gmo ga.gmo gl.gmo he.gmo hr.gmo hu.gmo id.gmo it.gmo ja.gmo ko.gmo nb.gmo nl.gmo no.gmo pl.gmo pt_BR.gmo pt.gmo ro.gmo ru.gmo rw.gmo sl.gmo sr.gmo sv.gmo tr.gmo uk.gmo vi.gmo zh_TW.gmo'
GMSGFMT=':'
GREP='/bin/grep'
INSTALL_DATA='${INSTALL} -m 644'
INSTALL_PROGRAM='${INSTALL}'
INSTALL_SCRIPT='${INSTALL}'
INSTALL_STRIP_PROGRAM='$(install_sh) -c -s'
INSTOBJEXT='.mo'
INTLBISON='bison'
INTLLIBS=''
INTLOBJS=''
INTL_LIBTOOL_SUFFIX_PREFIX=''
LDFLAGS=''
LIBICONV=''
LIBOBJS=' ${LIBOBJDIR}regex$U.o'
LIBS=''
LTLIBOBJS=' ${LIBOBJDIR}regex$U.lo'
MAKEINFO='makeinfo'
MKINSTALLDIRS='./mkinstalldirs'
MSGFMT=':'
OBJEXT='o'
PACKAGE='grep'
PACKAGE_BUGREPORT='bug-grep@gnu.org'
PACKAGE_NAME='GNU grep'
PACKAGE_STRING='GNU grep 2.5.3'
PACKAGE_TARNAME='grep'
PACKAGE_VERSION='2.5.3'
PATH_SEPARATOR=':'
POFILES=' af.po be.po bg.po ca.po cs.po da.po de.po el.po eo.po es.po et.po eu.po fi.po fr.po ga.po gl.po he.po hr.po hu.po id.po it.po ja.po ko.po nb.po nl.po no.po pl.po pt_BR.po pt.po ro.po ru.po rw.po sl.po sr.po sv.po tr.po uk.po vi.po zh_TW.po'
POSUB='po'
RANLIB='ranlib'
SEP=':'
SET_MAKE=''
SHELL='/bin/bash'
STRIP=''
U=''
USE_INCLUDED_LIBINTL='no'
USE_NLS='yes'
VERSION='2.5.3'
XGETTEXT=':'
ac_ct_CC='gcc'
am__fastdepCC_FALSE='#'
am__fastdepCC_TRUE=''
am__include='include'
am__isrc=''
am__leading_dot='.'
am__quote=''
am__tar='${AMTAR} chof - "$$tardir"'
am__untar='${AMTAR} xf -'
bindir='${exec_prefix}/bin'
build='armv7l-unknown-linux-gnu'
build_alias=''
build_cpu='armv7l'
build_os='linux-gnu'
build_vendor='unknown'
datadir='${datarootdir}'
datarootdir='${prefix}/share'
docdir='${datarootdir}/doc/${PACKAGE_TARNAME}'
dvidir='${docdir}'
exec_prefix='${prefix}'
host='armv7l-unknown-linux-gnu'
host_alias=''
host_cpu='armv7l'
host_os='linux-gnu'
host_vendor='unknown'
htmldir='${docdir}'
includedir='${prefix}/include'
infodir='${datarootdir}/info'
install_sh='$(SHELL) /root/opi0setup/LFS/grep-2.5.3/install-sh'
libdir='${exec_prefix}/lib'
libexecdir='${exec_prefix}/libexec'
localedir='${datarootdir}/locale'
localstatedir='${prefix}/var'
mandir='${datarootdir}/man'
mkdir_p='/bin/mkdir -p'
oldincludedir='/usr/include'
pdfdir='${docdir}'
prefix='/usr/local'
program_transform_name='s,x,x,'
psdir='${docdir}'
sbindir='${exec_prefix}/sbin'
sharedstatedir='${prefix}/com'
sysconfdir='${prefix}/etc'
target_alias=''

## ----------- ##
## confdefs.h. ##
## ----------- ##

#define PACKAGE_NAME "GNU grep"
#define PACKAGE_TARNAME "grep"
#define PACKAGE_VERSION "2.5.3"
#define PACKAGE_STRING "GNU grep 2.5.3"
#define PACKAGE_BUGREPORT "bug-grep@gnu.org"
#define GREP 1
#define PACKAGE "grep"
#define VERSION "2.5.3"
#define _FILE_OFFSET_BITS 64
#define _LARGEFILE_SOURCE 1
#define PROTOTYPES 1
#define __PROTOTYPES 1
#define STDC_HEADERS 1
#define HAVE_SYS_TYPES_H 1
#define HAVE_SYS_STAT_H 1
#define HAVE_STDLIB_H 1
#define HAVE_STRING_H 1
#define HAVE_MEMORY_H 1
#define HAVE_STRINGS_H 1
#define HAVE_INTTYPES_H 1
#define HAVE_STDINT_H 1
#define HAVE_UNISTD_H 1
#define HAVE_STRING_H 1
#define HAVE_INTTYPES_H 1
#define HAVE_UNSIGNED_LONG_LONG 1
#define STDC_HEADERS 1
#define HAVE_STRING_H 1
#define HAVE_STDLIB_H 1
#define HAVE_SYS_PARAM_H 1
#define HAVE_MEMORY_H 1
#define HAVE_UNISTD_H 1
#define HAVE_LIBINTL_H 1
#define HAVE_WCTYPE_H 1
#define HAVE_WCHAR_H 1
#define HAVE_DIRENT_H 1
#define HAVE_ALLOCA_H 1
#define HAVE_ALLOCA 1
#define HAVE_STDLIB_H 1
#define HAVE_UNISTD_H 1
#define HAVE_GETPAGESIZE 1
#define HAVE_MMAP 1
#define HAVE_BTOWC 1
#define HAVE_ISASCII 1
#define HAVE_ISWCTYPE 1
#define HAVE_MBRLEN 1
#define HAVE_MEMMOVE 1
#define HAVE_STRERROR 1
#define HAVE_WCRTOMB 1
#define HAVE_WCSCOLL 1
#define HAVE_WCTYPE 1
#define HAVE_MBRTOWC 1
#define HAVE_STDLIB_H 1
#define HAVE_MEMCHR 1
#define HAVE_STPCPY 1
#define HAVE_STRTOUL 1
#define HAVE_ATEXIT 1
#define HAVE_FNMATCH 1
#define HAVE_STDLIB_H 1
#define HAVE_STRTOUMAX 1
#define HAVE_DECL_STRTOUL 1
#define HAVE_DECL_STRTOULL 1
#define HAVE_DECL_STRTOUL 1
#define HAVE_DECL_STRTOULL 1
#define HAVE_ARGZ_H 1
#define HAVE_LIMITS_H 1
#define HAVE_LOCALE_H 1
#define HAVE_NL_TYPES_H 1
#define HAVE_MALLOC_H 1
#define HAVE_STDDEF_H 1
#define HAVE_STDLIB_H 1
#define HAVE_STRING_H 1
#define HAVE_UNISTD_H 1
#define HAVE_SYS_PARAM_H 1
#define HAVE_FEOF_UNLOCKED 1
#define HAVE_FGETS_UNLOCKED 1
#define HAVE_GETCWD 1
#define HAVE_GETEGID 1
#define HAVE_GETEUID 1
#define HAVE_GETGID 1
#define HAVE_GETUID 1
#define HAVE_MEMPCPY 1
#define HAVE_MUNMAP 1
#define HAVE_PUTENV 1
#define HAVE_SETENV 1
#define HAVE_SETLOCALE 1
#define HAVE_STPCPY 1
#define HAVE_STRCHR 1
#define HAVE_STRCASECMP 1
#define HAVE_STRDUP 1
#define HAVE_STRTOUL 1
#define HAVE_TSEARCH 1
#define HAVE___ARGZ_COUNT 1
#define HAVE___ARGZ_STRINGIFY 1
#define HAVE___ARGZ_NEXT 1
#define HAVE_ICONV 1
#define ICONV_CONST 
#define HAVE_LANGINFO_CODESET 1
#define HAVE_LC_MESSAGES 1
#define ENABLE_NLS 1
#define HAVE_GETTEXT 1
#define HAVE_DCGETTEXT 1
#define HAVE_DECL_STRERROR_R 1
#define HAVE_STRERROR_R 1
#define HAVE_STRERROR 1
#define HAVE_STRERROR_R 1
#define HAVE_VPRINTF 1
#define STDC_HEADERS 1
#define HAVE_DONE_WORKING_MALLOC_CHECK 1
#define HAVE_DONE_WORKING_REALLOC_CHECK 1

configure: exit 0
