20 Dec 22:53:52 - [info] 

Welcome to Node-RED
===================

20 Dec 22:53:52 - [info] Node-RED version: v0.17.5
20 Dec 22:53:52 - [info] Node.js  version: v8.9.1
20 Dec 22:53:52 - [info] Linux 3.4.113-sun8i arm LE
20 Dec 22:53:55 - [info] Loading palette nodes
20 Dec 22:54:06 - [warn] ------------------------------------------------------
20 Dec 22:54:06 - [warn] [rpi-gpio] Info : Ignoring Raspberry Pi specific node
20 Dec 22:54:06 - [warn] ------------------------------------------------------
20 Dec 22:54:06 - [info] Settings file  : /root/opi0setup/node-red/settings.js
20 Dec 22:54:06 - [info] User directory : /root/opi0setup/node-red
20 Dec 22:54:06 - [info] Flows file     : /root/opi0setup/node-red/flows_cl-controller.json
20 Dec 22:54:07 - [info] Server now running at http://127.0.0.1:1880/
20 Dec 22:54:07 - [info] Starting flows
20 Dec 22:54:08 - [info] Started flows
what
what
what
what
what
what
what
what
what
what
what
what
what
what
what
what
what
what
what
what
what
what
what
what
what
what
what
what
what
what
what
what
what
what
what
what
what
what
what
what
what
what
what
what
what
what
what
what
what
what
what
what
what
what
what
what
what
what
what
what
what
what
what
what
what
what
what
what
what
what
what
what
what
what
what
what
what
what
what
what
what
what
what
what
what
what
what
what
what
what
what
what
what
what
what
what
what
what
what
what
what
what
what
what
what
what
what
what
what
what
what
what
what
what
what
what
what
what
what
what
what
what
what
what
what
what
what
what
what
what
what
what
what
what
what
what
what
what
what
what
what
what
what
what
what
what
what
what
what
what
what
what
what
what
what
what
what
what
what
what
what
what
what
what
what
what
what
what
what
what
what
what
what
what
what
what
what
what
what
what
what
what
what
what
what
what
what
what
what
what
what
what
what
what
what
what
what
what
what
what
what
what
what
what
what
what
what
what
what
what
what
what
what
what
what
what
what
what
what
what
what
what
what
what
what
what
what
what
what
what
what
what
what
what
what
what
what
what
what
what
what
what
what
what
what
what
what
what
what
what
what
what
what
what
what
what
what
what
what
what
what
what
what
what
what
what
what
what
what
what
what
what
what
what
what
what
what
what
what
what
what
what
what
what
what
what
what
what
what
what
what
what
what
what
what
what
what
what
what
what
what
what
what
what
what
what
what
what
what
what
what
what
what
what
what
what
what
what
what
what
what
what
what
what
21 Dec 00:32:16 - [error] [http request:293ecb39.d52984] Error: connect EHOSTUNREACH 104.17.141.178:443
what
what
what
what
21 Dec 00:33:10 - [error] [http request:293ecb39.d52984] Error: connect EHOSTUNREACH 104.17.140.178:443
what
what
what
what
what
what
21 Dec 00:34:30 - [error] [http request:293ecb39.d52984] Error: getaddrinfo ENOTFOUND api.coinmarketcap.com api.coinmarketcap.com:443
what
what
what
what
21 Dec 00:35:30 - [error] [http request:293ecb39.d52984] Error: getaddrinfo ENOTFOUND api.coinmarketcap.com api.coinmarketcap.com:443
what
what
what
what
what
21 Dec 00:36:20 - [error] [http request:293ecb39.d52984] Error: connect ECONNREFUSED 192.168.1.1:443
what
what
what
what
what
what
what
what
what
what
what
what
what
what
what
what
what
what
what
what
what
what
what
what
what
what
what
what
what
what
what
what
what
what
what
what
what
what
what
what
what
what
what
what
what
what
what
what
what
what
what
what
what
what
what
what
what
what
what
what
what
what
what
what
what
what
what
what
what
what
what
what
what
what
what
what
what
what
what
what
what
what
what
what
what
what
what
what
what
what
what
what
what
what
what
what
what
what
what
what
what
what
what
what
what
what
what
what
what
what
what
what
what
what
what
what
what
what
what
what
what
what
what
what
what
what
what
what
what
what
what
what
what
what
what
what
what
what
what
what
what
what
what
what
what
what
what
what
what
what
what
what
what
what
what
what
what
what
what
what
what
what
what
what
what
what
what
what
what
what
what
what
what
what
what
what
what
what
what
what
what
what
what
what
what
what
what
what
what
what
what
what
what
what
what
what
what
what
what
what
what
what
what
what
what
what
what
what
what
what
what
what
what
what
what
what
what
what
what
what
what
what
what
what
what
what
what
what
what
what
what
what
what
what
what
what
what
what
what
what
what
what
what
what
what
what
what
what
what
what
what
what
what
what
what
what
what
what
what
what
what
what
what
what
what
what
what
what
what
what
what
what
what
what
what
what
what
what
what
what
what
what
what
what
what
what
what
what
what
what
what
what
what
what
what
what
what
what
what
what
what
what
what
what
what
what
what
what
what
what
what
what
what
what
what
what
what
what
what
what
what
what
what
what
what
what
what
what
what
what
what
what
what
what
what
what
what
what
what
what
what
what
what
what
what
what
what
what
what
what
what
what
what
what
what
what
what
what
what
what
what
what
what
what
what
what
what
what
what
what
what
what
what
what
what
what
what
what
what
what
what
what
what
what
what
what
what
what
what
what
what
what
what
what
what
what
what
what
what
what
what
what
what
what
what
what
what
what
what
what
what
what
what
what
what
what
what
what
what
what
what
what
what
what
what
what
what
what
what
what
what
what
what
what
what
what
what
what
what
what
what
what
what
what
what
what
what
what
what
what
what
what
what
what
what
what
what
what
what
what
what
what
what
what
what
what
what
what
what
what
what
what
what
what
what
what
what
what
what
what
what
what
what
what
what
what
what
what
what
what
what
what
what
what
what
what
what
what
what
what
what
what
what
what
what
what
what
what
what
what
what
what
what
what
what
what
what
what
what
what
what
what
what
what
what
what
what
what
what
what
what
what
what
what
what
what
what
what
what
what
what
what
what
what
what
what
what
what
what
what
what
what
what
what
what
what
what
what
what
what
what
what
what
what
what
what
what
what
what
what
what
what
what
what
what
what
what
what
what
what
what
what
what
what
what
what
what
what
what
what
what
what
what
what
what
what
what
what
what
what
what
what
what
what
what
what
what
what
what
what
what
what
what
what
what
what
21 Dec 02:38:22 - [warn] [http request:293ecb39.d52984] JSON parse error
what
what
what
what
what
what
what
what
what
what
what
what
what
what
what
what
what
what
what
what
what
what
what
what
what
what
what
what
what
what
what
what
what
what
what
what
what
what
what
what
what
what
what
what
what
what
what
what
what
what
what
what
what
what
what
what
what
what
what
what
what
what
what
what
what
what
what
what
what
what
what
what
what
what
what
what
what
what
what
what
what
what
what
what
what
what
what
what
what
what
what
what
what
what
what
what
what
what
what
what
what
what
what
what
what
what
what
what
what
what
what
what
what
what
what
what
what
what
what
what
what
what
what
what
what
what
what
what
what
what
what
what
what
what
what
what
what
what
what
what
what
what
what
what
what
what
what
what
what
what
what
what
what
what
what
what
what
what
what
what
what
what
what
what
what
what
what
what
what
what
what
what
what
what
what
what
what
what
what
what
what
what
what
what
what
what
what
what
what
what
what
what
what
what
what
what
what
what
what
what
what
what
what
what
what
what
what
what
what
what
what
what
what
what
what
what
what
what
what
what
what
what
what
what
what
what
what
what
what
what
what
what
what
what
what
what
what
what
what
what
what
what
what
what
what
what
what
what
what
what
what
what
what
what
what
what
what
what
what
what
what
what
what
what
what
what
what
what
what
what
what
what
what
what
what
what
what
what
what
what
what
what
what
what
what
what
what
what
what
what
what
what
what
what
what
what
what
what
what
what
what
what
what
what
what
what
what
what
what
what
what
what
what
what
what
what
what
what
what
what
what
what
what
what
what
what
what
what
what
what
what
what
what
what
what
what
what
what
what
what
what
what
what
what
what
what
what
what
what
what
what
what
what
what
what
what
what
what
what
what
what
what
what
what
what
what
what
what
what
what
what
what
what
what
what
what
what
what
what
what
what
what
what
what
what
what
what
what
what
what
what
what
what
what
what
what
what
what
what
what
what
what
what
what
what
what
what
what
what
what
what
what
what
what
what
what
what
what
what
what
what
what
what
what
what
what
what
what
what
what
what
what
what
what
what
what
what
what
what
what
what
what
what
what
what
what
what
what
what
what
what
what
what
what
what
what
what
what
what
what
22 Dec 03:23:44 - [error] [http request:293ecb39.d52984] Error: connect EHOSTUNREACH 104.17.139.178:443
22 Dec 03:24:41 - [error] [http request:293ecb39.d52984] Error: connect ECONNREFUSED 192.168.1.1:443
22 Dec 03:26:06 - [error] [http request:293ecb39.d52984] Error: getaddrinfo ENOTFOUND api.coinmarketcap.com api.coinmarketcap.com:443
22 Dec 03:27:06 - [error] [http request:293ecb39.d52984] Error: getaddrinfo ENOTFOUND api.coinmarketcap.com api.coinmarketcap.com:443
22 Dec 03:27:41 - [error] [http request:293ecb39.d52984] Error: connect ECONNREFUSED 192.168.1.1:443
22 Dec 04:10:45 - [error] [http request:293ecb39.d52984] Error: connect EHOSTUNREACH 104.17.137.178:443
22 Dec 04:11:42 - [error] [http request:293ecb39.d52984] Error: connect ENETUNREACH 104.17.139.178:443
